Could not fetch CPU usage. Skipping...
Could not fetch CPU usage. Skipping...
Could not fetch CPU usage. Skipping...
Could not fetch CPU usage. Skipping...
Could not fetch CPU usage. Skipping...
Could not fetch CPU usage. Skipping...
Could not fetch CPU usage. Skipping...
Could not fetch CPU usage. Skipping...
Could not fetch CPU usage. Skipping...
Could not fetch CPU usage. Skipping...
Could not fetch CPU usage. Skipping...
Could not fetch CPU usage. Skipping...
Could not fetch CPU usage. Skipping...
Could not fetch CPU usage. Skipping...
Could not fetch CPU usage. Skipping...
Could not fetch CPU usage. Skipping...
Could not fetch CPU usage. Skipping...
Could not fetch CPU usage. Skipping...
Could not fetch CPU usage. Skipping...
Could not fetch CPU usage. Skipping...
CPU usage: 12.606841330806065%, Replicas: 1
CPU usage: 15.931232735771994%, Replicas: 1
CPU usage: 14.60114375%, Replicas: 1
CPU usage: 17.27290608739476%, Replicas: 1
CPU usage: 22.665468543213397%, Replicas: 1
CPU usage: 23.754210955190853%, Replicas: 1
CPU usage: 25.20308946008379%, Replicas: 1
myapp_producer scaled to 2
overall progress: 0 out of 2 tasks
1/2:  
2/2:  
overall progress: 1 out of 2 tasks
overall progress: 1 out of 2 tasks
overall progress: 1 out of 2 tasks
overall progress: 1 out of 2 tasks
overall progress: 1 out of 2 tasks
overall progress: 1 out of 2 tasks
overall progress: 1 out of 2 tasks
overall progress: 1 out of 2 tasks
overall progress: 1 out of 2 tasks
overall progress: 1 out of 2 tasks
overall progress: 1 out of 2 tasks
overall progress: 1 out of 2 tasks
overall progress: 1 out of 2 tasks
overall progress: 1 out of 2 tasks
overall progress: 1 out of 2 tasks
overall progress: 1 out of 2 tasks
overall progress: 2 out of 2 tasks
verify: Waiting 5 seconds to verify that tasks are stable...
verify: Waiting 5 seconds to verify that tasks are stable...
verify: Waiting 5 seconds to verify that tasks are stable...
verify: Waiting 5 seconds to verify that tasks are stable...
verify: Waiting 5 seconds to verify that tasks are stable...
verify: Waiting 4 seconds to verify that tasks are stable...
verify: Waiting 4 seconds to verify that tasks are stable...
verify: Waiting 4 seconds to verify that tasks are stable...
verify: Waiting 4 seconds to verify that tasks are stable...
verify: Waiting 4 seconds to verify that tasks are stable...
verify: Waiting 3 seconds to verify that tasks are stable...
verify: Waiting 3 seconds to verify that tasks are stable...
verify: Waiting 3 seconds to verify that tasks are stable...
verify: Waiting 3 seconds to verify that tasks are stable...
verify: Waiting 3 seconds to verify that tasks are stable...
verify: Waiting 2 seconds to verify that tasks are stable...
verify: Waiting 2 seconds to verify that tasks are stable...
verify: Waiting 2 seconds to verify that tasks are stable...
verify: Waiting 2 seconds to verify that tasks are stable...
verify: Waiting 1 seconds to verify that tasks are stable...
verify: Waiting 1 seconds to verify that tasks are stable...
verify: Waiting 1 seconds to verify that tasks are stable...
verify: Waiting 1 seconds to verify that tasks are stable...
verify: Waiting 1 seconds to verify that tasks are stable...
verify: Service converged
Scaling up to 2
CPU usage: 23.562739388640296%, Replicas: 2
CPU usage: 24.04091099716505%, Replicas: 2
CPU usage: 26.67853160659408%, Replicas: 2
myapp_producer scaled to 3
overall progress: 0 out of 3 tasks
1/3:  
2/3:  
3/3:  
overall progress: 2 out of 3 tasks
overall progress: 2 out of 3 tasks
overall progress: 2 out of 3 tasks
overall progress: 2 out of 3 tasks
overall progress: 2 out of 3 tasks
overall progress: 2 out of 3 tasks
overall progress: 2 out of 3 tasks
overall progress: 2 out of 3 tasks
overall progress: 2 out of 3 tasks
overall progress: 2 out of 3 tasks
overall progress: 2 out of 3 tasks
overall progress: 2 out of 3 tasks
overall progress: 2 out of 3 tasks
overall progress: 2 out of 3 tasks
overall progress: 2 out of 3 tasks
overall progress: 2 out of 3 tasks
overall progress: 2 out of 3 tasks
overall progress: 2 out of 3 tasks
overall progress: 3 out of 3 tasks
verify: Waiting 5 seconds to verify that tasks are stable...
verify: Waiting 5 seconds to verify that tasks are stable...
verify: Waiting 5 seconds to verify that tasks are stable...
verify: Waiting 5 seconds to verify that tasks are stable...
verify: Waiting 5 seconds to verify that tasks are stable...
verify: Waiting 4 seconds to verify that tasks are stable...
verify: Waiting 4 seconds to verify that tasks are stable...
verify: Waiting 4 seconds to verify that tasks are stable...
verify: Waiting 4 seconds to verify that tasks are stable...
verify: Waiting 4 seconds to verify that tasks are stable...
verify: Waiting 3 seconds to verify that tasks are stable...
verify: Waiting 3 seconds to verify that tasks are stable...
verify: Waiting 3 seconds to verify that tasks are stable...
verify: Waiting 3 seconds to verify that tasks are stable...
verify: Waiting 3 seconds to verify that tasks are stable...
verify: Waiting 2 seconds to verify that tasks are stable...
verify: Waiting 2 seconds to verify that tasks are stable...
verify: Waiting 2 seconds to verify that tasks are stable...
verify: Waiting 2 seconds to verify that tasks are stable...
verify: Waiting 1 seconds to verify that tasks are stable...
verify: Waiting 1 seconds to verify that tasks are stable...
verify: Waiting 1 seconds to verify that tasks are stable...
verify: Waiting 1 seconds to verify that tasks are stable...
verify: Waiting 1 seconds to verify that tasks are stable...
verify: Service converged
Scaling up to 3
CPU usage: 25.63768297442567%, Replicas: 3
myapp_producer scaled to 4
overall progress: 0 out of 4 tasks
1/4:  
2/4:  
3/4:  
4/4:  
overall progress: 3 out of 4 tasks
overall progress: 3 out of 4 tasks
overall progress: 3 out of 4 tasks
overall progress: 3 out of 4 tasks
overall progress: 3 out of 4 tasks
overall progress: 3 out of 4 tasks
overall progress: 3 out of 4 tasks
overall progress: 3 out of 4 tasks
overall progress: 3 out of 4 tasks
overall progress: 3 out of 4 tasks
overall progress: 3 out of 4 tasks
overall progress: 3 out of 4 tasks
overall progress: 4 out of 4 tasks
verify: Waiting 5 seconds to verify that tasks are stable...
verify: Waiting 5 seconds to verify that tasks are stable...
verify: Waiting 5 seconds to verify that tasks are stable...
verify: Waiting 5 seconds to verify that tasks are stable...
verify: Waiting 5 seconds to verify that tasks are stable...
verify: Waiting 4 seconds to verify that tasks are stable...
verify: Waiting 4 seconds to verify that tasks are stable...
verify: Waiting 4 seconds to verify that tasks are stable...
verify: Waiting 4 seconds to verify that tasks are stable...
verify: Waiting 4 seconds to verify that tasks are stable...
verify: Waiting 3 seconds to verify that tasks are stable...
verify: Waiting 3 seconds to verify that tasks are stable...
verify: Waiting 3 seconds to verify that tasks are stable...
verify: Waiting 3 seconds to verify that tasks are stable...
verify: Waiting 2 seconds to verify that tasks are stable...
verify: Waiting 2 seconds to verify that tasks are stable...
verify: Waiting 2 seconds to verify that tasks are stable...
verify: Waiting 2 seconds to verify that tasks are stable...
verify: Waiting 2 seconds to verify that tasks are stable...
verify: Waiting 1 seconds to verify that tasks are stable...
verify: Waiting 1 seconds to verify that tasks are stable...
verify: Waiting 1 seconds to verify that tasks are stable...
verify: Waiting 1 seconds to verify that tasks are stable...
verify: Waiting 1 seconds to verify that tasks are stable...
verify: Service converged
Scaling up to 4
CPU usage: 26.119973853128037%, Replicas: 4
myapp_producer scaled to 5
overall progress: 0 out of 5 tasks
1/5:  
2/5:  
3/5:  
4/5:  
5/5:  
overall progress: 4 out of 5 tasks
overall progress: 4 out of 5 tasks
overall progress: 4 out of 5 tasks
overall progress: 4 out of 5 tasks
overall progress: 4 out of 5 tasks
overall progress: 4 out of 5 tasks
overall progress: 4 out of 5 tasks
overall progress: 4 out of 5 tasks
overall progress: 4 out of 5 tasks
overall progress: 4 out of 5 tasks
overall progress: 4 out of 5 tasks
overall progress: 4 out of 5 tasks
overall progress: 4 out of 5 tasks
overall progress: 4 out of 5 tasks
overall progress: 4 out of 5 tasks
overall progress: 4 out of 5 tasks
overall progress: 4 out of 5 tasks
overall progress: 4 out of 5 tasks
overall progress: 4 out of 5 tasks
overall progress: 4 out of 5 tasks
overall progress: 5 out of 5 tasks
verify: Waiting 5 seconds to verify that tasks are stable...
verify: Waiting 5 seconds to verify that tasks are stable...
verify: Waiting 5 seconds to verify that tasks are stable...
verify: Waiting 5 seconds to verify that tasks are stable...
verify: Waiting 5 seconds to verify that tasks are stable...
verify: Waiting 4 seconds to verify that tasks are stable...
verify: Waiting 4 seconds to verify that tasks are stable...
verify: Waiting 4 seconds to verify that tasks are stable...
verify: Waiting 4 seconds to verify that tasks are stable...
verify: Waiting 4 seconds to verify that tasks are stable...
verify: Waiting 3 seconds to verify that tasks are stable...
verify: Waiting 3 seconds to verify that tasks are stable...
verify: Waiting 3 seconds to verify that tasks are stable...
verify: Waiting 3 seconds to verify that tasks are stable...
verify: Waiting 2 seconds to verify that tasks are stable...
verify: Waiting 2 seconds to verify that tasks are stable...
verify: Waiting 2 seconds to verify that tasks are stable...
verify: Waiting 2 seconds to verify that tasks are stable...
verify: Waiting 2 seconds to verify that tasks are stable...
verify: Waiting 1 seconds to verify that tasks are stable...
verify: Waiting 1 seconds to verify that tasks are stable...
verify: Waiting 1 seconds to verify that tasks are stable...
verify: Waiting 1 seconds to verify that tasks are stable...
verify: Waiting 1 seconds to verify that tasks are stable...
verify: Service converged
Scaling up to 5
CPU usage: 24.65182769164162%, Replicas: 5
CPU usage: 24.58023012741975%, Replicas: 5
CPU usage: 25.24970795708882%, Replicas: 5
myapp_producer scaled to 6
overall progress: 0 out of 6 tasks
1/6:  
2/6:  
3/6:  
4/6:  
5/6:  
6/6:  
overall progress: 5 out of 6 tasks
overall progress: 5 out of 6 tasks
overall progress: 5 out of 6 tasks
overall progress: 5 out of 6 tasks
overall progress: 5 out of 6 tasks
overall progress: 5 out of 6 tasks
overall progress: 5 out of 6 tasks
overall progress: 5 out of 6 tasks
overall progress: 5 out of 6 tasks
overall progress: 5 out of 6 tasks
overall progress: 5 out of 6 tasks
overall progress: 5 out of 6 tasks
overall progress: 5 out of 6 tasks
overall progress: 5 out of 6 tasks
overall progress: 6 out of 6 tasks
verify: Waiting 5 seconds to verify that tasks are stable...
verify: Waiting 5 seconds to verify that tasks are stable...
verify: Waiting 5 seconds to verify that tasks are stable...
verify: Waiting 5 seconds to verify that tasks are stable...
verify: Waiting 5 seconds to verify that tasks are stable...
verify: Waiting 4 seconds to verify that tasks are stable...
verify: Waiting 4 seconds to verify that tasks are stable...
verify: Waiting 4 seconds to verify that tasks are stable...
verify: Waiting 4 seconds to verify that tasks are stable...
verify: Waiting 4 seconds to verify that tasks are stable...
verify: Waiting 3 seconds to verify that tasks are stable...
verify: Waiting 3 seconds to verify that tasks are stable...
verify: Waiting 3 seconds to verify that tasks are stable...
verify: Waiting 3 seconds to verify that tasks are stable...
verify: Waiting 2 seconds to verify that tasks are stable...
verify: Waiting 2 seconds to verify that tasks are stable...
verify: Waiting 2 seconds to verify that tasks are stable...
verify: Waiting 2 seconds to verify that tasks are stable...
verify: Waiting 2 seconds to verify that tasks are stable...
verify: Waiting 1 seconds to verify that tasks are stable...
verify: Waiting 1 seconds to verify that tasks are stable...
verify: Waiting 1 seconds to verify that tasks are stable...
verify: Waiting 1 seconds to verify that tasks are stable...
verify: Service converged
Scaling up to 6
CPU usage: 23.12128743064609%, Replicas: 6
CPU usage: 23.35560037636588%, Replicas: 6
CPU usage: 22.10554887161358%, Replicas: 6
CPU usage: 23.093633451951533%, Replicas: 6
CPU usage: 23.725631187303645%, Replicas: 6
CPU usage: 23.657051513350936%, Replicas: 6
CPU usage: 22.658331184484076%, Replicas: 6
CPU usage: 23.58136792142561%, Replicas: 6
CPU usage: 23.93847935048877%, Replicas: 6
CPU usage: 23.543452133091574%, Replicas: 6
CPU usage: 23.34343580979877%, Replicas: 6
CPU usage: 22.948813332731586%, Replicas: 6
CPU usage: 22.699332275719325%, Replicas: 6
CPU usage: 22.9949474624773%, Replicas: 6
CPU usage: 23.193966570667964%, Replicas: 6
CPU usage: 23.306033651015248%, Replicas: 6
CPU usage: 23.248085494618167%, Replicas: 6
CPU usage: 22.75657913969241%, Replicas: 6
CPU usage: 23.212793386035397%, Replicas: 6
CPU usage: 22.873446541897096%, Replicas: 6
CPU usage: 22.037587961944677%, Replicas: 6
CPU usage: 22.89660775400351%, Replicas: 6
CPU usage: 23.28950417208602%, Replicas: 6
CPU usage: 23.106421003845885%, Replicas: 6
CPU usage: 22.744893302839188%, Replicas: 6
CPU usage: 23.188652559162236%, Replicas: 6
CPU usage: 22.69599043450582%, Replicas: 6
CPU usage: 23.399687604654698%, Replicas: 6
CPU usage: 23.60582381174856%, Replicas: 6
CPU usage: 23.63133794827535%, Replicas: 6
CPU usage: 23.262483642775507%, Replicas: 6
CPU usage: 23.36433295490862%, Replicas: 6
CPU usage: 23.625680816214313%, Replicas: 6
CPU usage: 24.421396948967566%, Replicas: 6
CPU usage: 24.07833179402543%, Replicas: 6
CPU usage: 23.996002990812176%, Replicas: 6
CPU usage: 23.925581884494676%, Replicas: 6
CPU usage: 23.597073083966702%, Replicas: 6
CPU usage: 23.62791724839835%, Replicas: 6
CPU usage: 23.363099217301052%, Replicas: 6
CPU usage: 23.199758871775174%, Replicas: 6
CPU usage: 23.09585433424356%, Replicas: 6
CPU usage: 23.359283888599247%, Replicas: 6
CPU usage: 23.05867043750952%, Replicas: 6
CPU usage: 23.410143054510083%, Replicas: 6
CPU usage: 22.694092772420476%, Replicas: 6
CPU usage: 21.862588115338635%, Replicas: 6
CPU usage: 21.009431640039942%, Replicas: 6
CPU usage: 21.691991380134287%, Replicas: 6
CPU usage: 22.165362926609593%, Replicas: 6
CPU usage: 21.66486271984708%, Replicas: 6
CPU usage: 20.556898358245796%, Replicas: 6
CPU usage: 22.61491350291842%, Replicas: 6
CPU usage: 21.458347709991756%, Replicas: 6
CPU usage: 21.022481951028105%, Replicas: 6
CPU usage: 19.821158582779248%, Replicas: 6
CPU usage: 19.596285956463493%, Replicas: 6
CPU usage: 20.18018789853033%, Replicas: 6
CPU usage: 19.996154877118773%, Replicas: 6
CPU usage: 20.588339677735735%, Replicas: 6
CPU usage: 20.743666515969032%, Replicas: 6
CPU usage: 20.720497392794286%, Replicas: 6
CPU usage: 20.335604238202396%, Replicas: 6
CPU usage: 20.260736836739092%, Replicas: 6
CPU usage: 20.51783124194819%, Replicas: 6
CPU usage: 20.214993630056693%, Replicas: 6
CPU usage: 19.974710673157084%, Replicas: 6
CPU usage: 19.680878120741223%, Replicas: 6
CPU usage: 19.073006963397805%, Replicas: 6
CPU usage: 18.84248807795744%, Replicas: 6
CPU usage: 19.223496128366452%, Replicas: 6
CPU usage: 20.481729169296305%, Replicas: 6
CPU usage: 20.799420020945988%, Replicas: 6
CPU usage: 20.48145610058584%, Replicas: 6
CPU usage: 20.112394410531184%, Replicas: 6
CPU usage: 19.617836764356262%, Replicas: 6
CPU usage: 20.635936820338134%, Replicas: 6
CPU usage: 21.22800908145187%, Replicas: 6
CPU usage: 21.420008037481857%, Replicas: 6
CPU usage: 22.514018778785992%, Replicas: 6
CPU usage: 21.996596484312697%, Replicas: 6
CPU usage: 21.455875121893193%, Replicas: 6
CPU usage: 21.835026706775277%, Replicas: 6
CPU usage: 22.28371396765645%, Replicas: 6
CPU usage: 21.649515853440786%, Replicas: 6
CPU usage: 22.434415887230614%, Replicas: 6
CPU usage: 21.832041067659336%, Replicas: 6
CPU usage: 22.217852555466084%, Replicas: 6
CPU usage: 21.74205076143558%, Replicas: 6
CPU usage: 21.52274068201741%, Replicas: 6
CPU usage: 21.818121949583507%, Replicas: 6
CPU usage: 21.573238788935527%, Replicas: 6
CPU usage: 21.014610252927284%, Replicas: 6
CPU usage: 20.147190338478183%, Replicas: 6
CPU usage: 18.98022613732127%, Replicas: 6
CPU usage: 17.84422261924449%, Replicas: 6
CPU usage: 17.084266108408308%, Replicas: 6
CPU usage: 16.3112400212355%, Replicas: 6
CPU usage: 15.17170623569159%, Replicas: 6
CPU usage: 14.094418089563957%, Replicas: 6
CPU usage: 12.977402227472561%, Replicas: 6
CPU usage: 12.556297438693905%, Replicas: 6
CPU usage: 10.933771543166069%, Replicas: 6
CPU usage: 10.685164541582251%, Replicas: 6
CPU usage: 9.1524438305639%, Replicas: 6
CPU usage: 8.44172101538683%, Replicas: 6
CPU usage: 7.507613001036212%, Replicas: 6
CPU usage: 6.6580988910606225%, Replicas: 6
CPU usage: 5.792388665362268%, Replicas: 6
CPU usage: 5.074575000456076%, Replicas: 6
CPU usage: 4.553498472120147%, Replicas: 6
myapp_producer scaled to 5
overall progress: 0 out of 5 tasks
1/5:  
2/5:  
3/5:  
4/5:  
5/5:  
overall progress: 5 out of 5 tasks
verify: Waiting 5 seconds to verify that tasks are stable...
verify: Waiting 5 seconds to verify that tasks are stable...
verify: Waiting 5 seconds to verify that tasks are stable...
verify: Waiting 5 seconds to verify that tasks are stable...
verify: Waiting 5 seconds to verify that tasks are stable...
verify: Waiting 4 seconds to verify that tasks are stable...
verify: Waiting 4 seconds to verify that tasks are stable...
verify: Waiting 4 seconds to verify that tasks are stable...
verify: Waiting 4 seconds to verify that tasks are stable...
verify: Waiting 4 seconds to verify that tasks are stable...
verify: Waiting 3 seconds to verify that tasks are stable...
verify: Waiting 3 seconds to verify that tasks are stable...
verify: Waiting 3 seconds to verify that tasks are stable...
verify: Waiting 3 seconds to verify that tasks are stable...
verify: Waiting 2 seconds to verify that tasks are stable...
verify: Waiting 2 seconds to verify that tasks are stable...
verify: Waiting 2 seconds to verify that tasks are stable...
verify: Waiting 2 seconds to verify that tasks are stable...
verify: Waiting 2 seconds to verify that tasks are stable...
verify: Waiting 1 seconds to verify that tasks are stable...
verify: Waiting 1 seconds to verify that tasks are stable...
verify: Waiting 1 seconds to verify that tasks are stable...
verify: Waiting 1 seconds to verify that tasks are stable...
verify: Waiting 1 seconds to verify that tasks are stable...
verify: Service converged
Scaling down to 5
CPU usage: 2.3683659587864723%, Replicas: 5
myapp_producer scaled to 4
overall progress: 0 out of 4 tasks
1/4:  
2/4:  
3/4:  
4/4:  
overall progress: 4 out of 4 tasks
verify: Waiting 5 seconds to verify that tasks are stable...
verify: Waiting 5 seconds to verify that tasks are stable...
verify: Waiting 5 seconds to verify that tasks are stable...
verify: Waiting 5 seconds to verify that tasks are stable...
verify: Waiting 5 seconds to verify that tasks are stable...
verify: Waiting 4 seconds to verify that tasks are stable...
verify: Waiting 4 seconds to verify that tasks are stable...
verify: Waiting 4 seconds to verify that tasks are stable...
verify: Waiting 4 seconds to verify that tasks are stable...
verify: Waiting 4 seconds to verify that tasks are stable...
verify: Waiting 3 seconds to verify that tasks are stable...
verify: Waiting 3 seconds to verify that tasks are stable...
verify: Waiting 3 seconds to verify that tasks are stable...
verify: Waiting 3 seconds to verify that tasks are stable...
verify: Waiting 3 seconds to verify that tasks are stable...
verify: Waiting 2 seconds to verify that tasks are stable...
verify: Waiting 2 seconds to verify that tasks are stable...
verify: Waiting 2 seconds to verify that tasks are stable...
verify: Waiting 2 seconds to verify that tasks are stable...
verify: Waiting 1 seconds to verify that tasks are stable...
verify: Waiting 1 seconds to verify that tasks are stable...
verify: Waiting 1 seconds to verify that tasks are stable...
verify: Waiting 1 seconds to verify that tasks are stable...
verify: Waiting 1 seconds to verify that tasks are stable...
verify: Service converged
Scaling down to 4
CPU usage: 0.07136700335362922%, Replicas: 4
myapp_producer scaled to 3
overall progress: 0 out of 3 tasks
1/3:  
2/3:  
3/3:  
overall progress: 3 out of 3 tasks
verify: Waiting 5 seconds to verify that tasks are stable...
verify: Waiting 5 seconds to verify that tasks are stable...
verify: Waiting 5 seconds to verify that tasks are stable...
verify: Waiting 5 seconds to verify that tasks are stable...
verify: Waiting 5 seconds to verify that tasks are stable...
verify: Waiting 4 seconds to verify that tasks are stable...
verify: Waiting 4 seconds to verify that tasks are stable...
verify: Waiting 4 seconds to verify that tasks are stable...
verify: Waiting 4 seconds to verify that tasks are stable...
verify: Waiting 4 seconds to verify that tasks are stable...
verify: Waiting 3 seconds to verify that tasks are stable...
verify: Waiting 3 seconds to verify that tasks are stable...
verify: Waiting 3 seconds to verify that tasks are stable...
verify: Waiting 3 seconds to verify that tasks are stable...
verify: Waiting 3 seconds to verify that tasks are stable...
verify: Waiting 2 seconds to verify that tasks are stable...
verify: Waiting 2 seconds to verify that tasks are stable...
verify: Waiting 2 seconds to verify that tasks are stable...
verify: Waiting 2 seconds to verify that tasks are stable...
verify: Waiting 1 seconds to verify that tasks are stable...
verify: Waiting 1 seconds to verify that tasks are stable...
verify: Waiting 1 seconds to verify that tasks are stable...
verify: Waiting 1 seconds to verify that tasks are stable...
verify: Waiting 1 seconds to verify that tasks are stable...
verify: Service converged
Scaling down to 3
CPU usage: 0.07342549871128619%, Replicas: 3
myapp_producer scaled to 2
overall progress: 0 out of 2 tasks
1/2:  
2/2:  
overall progress: 3 out of 2 tasks
overall progress: 2 out of 2 tasks
verify: Waiting 5 seconds to verify that tasks are stable...
verify: Waiting 5 seconds to verify that tasks are stable...
verify: Waiting 5 seconds to verify that tasks are stable...
verify: Waiting 5 seconds to verify that tasks are stable...
verify: Waiting 5 seconds to verify that tasks are stable...
verify: Waiting 4 seconds to verify that tasks are stable...
verify: Waiting 4 seconds to verify that tasks are stable...
verify: Waiting 4 seconds to verify that tasks are stable...
verify: Waiting 4 seconds to verify that tasks are stable...
verify: Waiting 4 seconds to verify that tasks are stable...
verify: Waiting 3 seconds to verify that tasks are stable...
verify: Waiting 3 seconds to verify that tasks are stable...
verify: Waiting 3 seconds to verify that tasks are stable...
verify: Waiting 3 seconds to verify that tasks are stable...
verify: Waiting 2 seconds to verify that tasks are stable...
verify: Waiting 2 seconds to verify that tasks are stable...
verify: Waiting 2 seconds to verify that tasks are stable...
verify: Waiting 2 seconds to verify that tasks are stable...
verify: Waiting 2 seconds to verify that tasks are stable...
verify: Waiting 1 seconds to verify that tasks are stable...
verify: Waiting 1 seconds to verify that tasks are stable...
verify: Waiting 1 seconds to verify that tasks are stable...
verify: Waiting 1 seconds to verify that tasks are stable...
verify: Waiting 1 seconds to verify that tasks are stable...
verify: Service converged
Scaling down to 2
CPU usage: 0.06904824922517427%, Replicas: 2
myapp_producer scaled to 1
overall progress: 0 out of 1 tasks
1/1:  
overall progress: 1 out of 1 tasks
verify: Waiting 5 seconds to verify that tasks are stable...
verify: Waiting 5 seconds to verify that tasks are stable...
verify: Waiting 5 seconds to verify that tasks are stable...
verify: Waiting 5 seconds to verify that tasks are stable...
verify: Waiting 5 seconds to verify that tasks are stable...
verify: Waiting 4 seconds to verify that tasks are stable...
verify: Waiting 4 seconds to verify that tasks are stable...
verify: Waiting 4 seconds to verify that tasks are stable...
verify: Waiting 4 seconds to verify that tasks are stable...
verify: Waiting 4 seconds to verify that tasks are stable...
verify: Waiting 3 seconds to verify that tasks are stable...
verify: Waiting 3 seconds to verify that tasks are stable...
verify: Waiting 3 seconds to verify that tasks are stable...
verify: Waiting 3 seconds to verify that tasks are stable...
verify: Waiting 2 seconds to verify that tasks are stable...
verify: Waiting 2 seconds to verify that tasks are stable...
verify: Waiting 2 seconds to verify that tasks are stable...
verify: Waiting 2 seconds to verify that tasks are stable...
verify: Waiting 2 seconds to verify that tasks are stable...
verify: Waiting 1 seconds to verify that tasks are stable...
verify: Waiting 1 seconds to verify that tasks are stable...
verify: Waiting 1 seconds to verify that tasks are stable...
verify: Waiting 1 seconds to verify that tasks are stable...
verify: Waiting 1 seconds to verify that tasks are stable...
verify: Service converged
Scaling down to 1
CPU usage: 0.06704992904914239%, Replicas: 1
CPU usage: 0.06389302321572585%, Replicas: 1
CPU usage: 0.06687607823741377%, Replicas: 1
CPU usage: 0.06375800582363958%, Replicas: 1
CPU usage: 0.06393060528941738%, Replicas: 1
CPU usage: 0.06421468305011366%, Replicas: 1
CPU usage: 0.06430889280788549%, Replicas: 1
CPU usage: 0.06256143205384726%, Replicas: 1
